[11:38:02 27/09/2025] [ERROR] Uncaught Exception | Meta: {"fatal":true,"stack":"Error: listen EADDRINUSE: address already in use :::5000\n    at Server.setupListenHandle [as _listen2] (node:net:1937:16)\n    at listenInCluster (node:net:1994:12)\n    at Server.listen (node:net:2099:7)\n    at Function.listen (C:\\Users\\Cat Thach\\Desktop\\monhoc\\T5_cdbackend\\lab\\node_modules\\express\\lib\\application.js:635:24)\n    at startServer (C:\\Users\\Cat Thach\\Desktop\\monhoc\\T5_cdbackend\\lab\\app.js:153:13)\n    at process.processTicksAndRejections (node:internal/process/task_queues:105:5)","name":"Error","message":"listen EADDRINUSE: address already in use :::5000"}
[16:22:21 27/09/2025] [ERROR] Uncaught Exception | Meta: {"fatal":true,"stack":"C:\\Users\\Cat Thach\\Desktop\\monhoc\\T5_cdbackend\\lab\\controllers\\shop.js:1364\n        const totalBrands = await Brand.countDocuments({ isActive: true });\n              ^\n\nSyntaxError: Identifier 'totalBrands' has already been declared\n    at wrapSafe (node:internal/modules/cjs/loader:1486:18)\n    at Module._compile (node:internal/modules/cjs/loader:1528:20)\n    at Object..js (node:internal/modules/cjs/loader:1706:10)\n    at Module.load (node:internal/modules/cjs/loader:1289:32)\n    at Function._load (node:internal/modules/cjs/loader:1108:12)\n    at TracingChannel.traceSync (node:diagnostics_channel:322:14)\n    at wrapModuleLoad (node:internal/modules/cjs/loader:220:24)\n    at Module.require (node:internal/modules/cjs/loader:1311:12)\n    at require (node:internal/modules/helpers:136:16)\n    at Object.<anonymous> (C:\\Users\\Cat Thach\\Desktop\\monhoc\\T5_cdbackend\\lab\\routes\\shop.js:10:24)","name":"SyntaxError","message":"Identifier 'totalBrands' has already been declared"}
[16:29:50 27/09/2025] [ERROR] Uncaught Exception | Meta: {"fatal":true,"stack":"C:\\Users\\Cat Thach\\Desktop\\monhoc\\T5_cdbackend\\lab\\controllers\\brand-category-controllers.js:53\n        const totalBrands = brands.length;\n              ^\n\nSyntaxError: Identifier 'totalBrands' has already been declared\n    at wrapSafe (node:internal/modules/cjs/loader:1486:18)\n    at Module._compile (node:internal/modules/cjs/loader:1528:20)\n    at Object..js (node:internal/modules/cjs/loader:1706:10)\n    at Module.load (node:internal/modules/cjs/loader:1289:32)\n    at Function._load (node:internal/modules/cjs/loader:1108:12)\n    at TracingChannel.traceSync (node:diagnostics_channel:322:14)\n    at wrapModuleLoad (node:internal/modules/cjs/loader:220:24)\n    at Module.require (node:internal/modules/cjs/loader:1311:12)\n    at require (node:internal/modules/helpers:136:16)\n    at Object.<anonymous> (C:\\Users\\Cat Thach\\Desktop\\monhoc\\T5_cdbackend\\lab\\routes\\admin.js:6:33)","name":"SyntaxError","message":"Identifier 'totalBrands' has already been declared"}
[16:39:23 27/09/2025] [ERROR] Uncaught Exception | Meta: {"fatal":true,"stack":"C:\\Users\\Cat Thach\\Desktop\\monhoc\\T5_cdbackend\\lab\\controllers\\brand-category-controllers.js:358\n        const totalCategories = categories.length;\n              ^\n\nSyntaxError: Identifier 'totalCategories' has already been declared\n    at wrapSafe (node:internal/modules/cjs/loader:1486:18)\n    at Module._compile (node:internal/modules/cjs/loader:1528:20)\n    at Object..js (node:internal/modules/cjs/loader:1706:10)\n    at Module.load (node:internal/modules/cjs/loader:1289:32)\n    at Function._load (node:internal/modules/cjs/loader:1108:12)\n    at TracingChannel.traceSync (node:diagnostics_channel:322:14)\n    at wrapModuleLoad (node:internal/modules/cjs/loader:220:24)\n    at Module.require (node:internal/modules/cjs/loader:1311:12)\n    at require (node:internal/modules/helpers:136:16)\n    at Object.<anonymous> (C:\\Users\\Cat Thach\\Desktop\\monhoc\\T5_cdbackend\\lab\\routes\\admin.js:6:33)","name":"SyntaxError","message":"Identifier 'totalCategories' has already been declared"}
[17:55:14 27/09/2025] [ERROR] Uncaught Exception | Meta: {"fatal":true,"stack":"Error: Route.post() requires a callback function but got a [object Undefined]\n    at Route.<computed> [as post] (C:\\Users\\Cat Thach\\Desktop\\monhoc\\T5_cdbackend\\lab\\node_modules\\express\\lib\\router\\route.js:216:15)\n    at proto.<computed> [as post] (C:\\Users\\Cat Thach\\Desktop\\monhoc\\T5_cdbackend\\lab\\node_modules\\express\\lib\\router\\index.js:521:19)\n    at Object.<anonymous> (C:\\Users\\Cat Thach\\Desktop\\monhoc\\T5_cdbackend\\lab\\routes\\admin.js:123:8)\n    at Module._compile (node:internal/modules/cjs/loader:1554:14)\n    at Object..js (node:internal/modules/cjs/loader:1706:10)\n    at Module.load (node:internal/modules/cjs/loader:1289:32)\n    at Function._load (node:internal/modules/cjs/loader:1108:12)\n    at TracingChannel.traceSync (node:diagnostics_channel:322:14)\n    at wrapModuleLoad (node:internal/modules/cjs/loader:220:24)\n    at Module.require (node:internal/modules/cjs/loader:1311:12)","name":"Error","message":"Route.post() requires a callback function but got a [object Undefined]"}
[17:58:17 27/09/2025] [ERROR] Uncaught Exception | Meta: {"fatal":true,"stack":"Error: Route.post() requires a callback function but got a [object Undefined]\n    at Route.<computed> [as post] (C:\\Users\\Cat Thach\\Desktop\\monhoc\\T5_cdbackend\\lab\\node_modules\\express\\lib\\router\\route.js:216:15)\n    at proto.<computed> [as post] (C:\\Users\\Cat Thach\\Desktop\\monhoc\\T5_cdbackend\\lab\\node_modules\\express\\lib\\router\\index.js:521:19)\n    at Object.<anonymous> (C:\\Users\\Cat Thach\\Desktop\\monhoc\\T5_cdbackend\\lab\\routes\\admin.js:123:8)\n    at Module._compile (node:internal/modules/cjs/loader:1554:14)\n    at Object..js (node:internal/modules/cjs/loader:1706:10)\n    at Module.load (node:internal/modules/cjs/loader:1289:32)\n    at Function._load (node:internal/modules/cjs/loader:1108:12)\n    at TracingChannel.traceSync (node:diagnostics_channel:322:14)\n    at wrapModuleLoad (node:internal/modules/cjs/loader:220:24)\n    at Module.require (node:internal/modules/cjs/loader:1311:12)","name":"Error","message":"Route.post() requires a callback function but got a [object Undefined]"}
[18:00:16 27/09/2025] [ERROR] Uncaught Exception | Meta: {"fatal":true,"stack":"Error: Route.post() requires a callback function but got a [object Undefined]\n    at Route.<computed> [as post] (C:\\Users\\Cat Thach\\Desktop\\monhoc\\T5_cdbackend\\lab\\node_modules\\express\\lib\\router\\route.js:216:15)\n    at proto.<computed> [as post] (C:\\Users\\Cat Thach\\Desktop\\monhoc\\T5_cdbackend\\lab\\node_modules\\express\\lib\\router\\index.js:521:19)\n    at Object.<anonymous> (C:\\Users\\Cat Thach\\Desktop\\monhoc\\T5_cdbackend\\lab\\routes\\admin.js:123:8)\n    at Module._compile (node:internal/modules/cjs/loader:1554:14)\n    at Object..js (node:internal/modules/cjs/loader:1706:10)\n    at Module.load (node:internal/modules/cjs/loader:1289:32)\n    at Function._load (node:internal/modules/cjs/loader:1108:12)\n    at TracingChannel.traceSync (node:diagnostics_channel:322:14)\n    at wrapModuleLoad (node:internal/modules/cjs/loader:220:24)\n    at Module.require (node:internal/modules/cjs/loader:1311:12)","name":"Error","message":"Route.post() requires a callback function but got a [object Undefined]"}
[18:00:53 27/09/2025] [ERROR] Uncaught Exception | Meta: {"fatal":true,"stack":"Error: Route.post() requires a callback function but got a [object Undefined]\n    at Route.<computed> [as post] (C:\\Users\\Cat Thach\\Desktop\\monhoc\\T5_cdbackend\\lab\\node_modules\\express\\lib\\router\\route.js:216:15)\n    at proto.<computed> [as post] (C:\\Users\\Cat Thach\\Desktop\\monhoc\\T5_cdbackend\\lab\\node_modules\\express\\lib\\router\\index.js:521:19)\n    at Object.<anonymous> (C:\\Users\\Cat Thach\\Desktop\\monhoc\\T5_cdbackend\\lab\\routes\\admin.js:123:8)\n    at Module._compile (node:internal/modules/cjs/loader:1554:14)\n    at Object..js (node:internal/modules/cjs/loader:1706:10)\n    at Module.load (node:internal/modules/cjs/loader:1289:32)\n    at Function._load (node:internal/modules/cjs/loader:1108:12)\n    at TracingChannel.traceSync (node:diagnostics_channel:322:14)\n    at wrapModuleLoad (node:internal/modules/cjs/loader:220:24)\n    at Module.require (node:internal/modules/cjs/loader:1311:12)","name":"Error","message":"Route.post() requires a callback function but got a [object Undefined]"}
