[11:28:48 19/09/2025] [ERROR] Uncaught Exception | Meta: {"fatal":true,"stack":"C:\\Users\\Cat Thach\\Desktop\\monhoc\\T5_cdbackend\\lab\\models\\category.js:1\n��c\n\n\nSyntaxError: Invalid or unexpected token\n    at wrapSafe (node:internal/modules/cjs/loader:1486:18)\n    at Module._compile (node:internal/modules/cjs/loader:1528:20)\n    at Object..js (node:internal/modules/cjs/loader:1706:10)\n    at Module.load (node:internal/modules/cjs/loader:1289:32)\n    at Function._load (node:internal/modules/cjs/loader:1108:12)\n    at TracingChannel.traceSync (node:diagnostics_channel:322:14)\n    at wrapModuleLoad (node:internal/modules/cjs/loader:220:24)\n    at Module.require (node:internal/modules/cjs/loader:1311:12)\n    at require (node:internal/modules/helpers:136:16)\n    at Object.<anonymous> (C:\\Users\\Cat Thach\\Desktop\\monhoc\\T5_cdbackend\\lab\\controllers\\admin.js:9:18)","name":"SyntaxError","message":"Invalid or unexpected token"}
[11:30:07 19/09/2025] [ERROR] Uncaught Exception | Meta: {"fatal":true,"stack":"C:\\Users\\Cat Thach\\Desktop\\monhoc\\T5_cdbackend\\lab\\models\\category.js:1\n��c\n\n\nSyntaxError: Invalid or unexpected token\n    at wrapSafe (node:internal/modules/cjs/loader:1486:18)\n    at Module._compile (node:internal/modules/cjs/loader:1528:20)\n    at Object..js (node:internal/modules/cjs/loader:1706:10)\n    at Module.load (node:internal/modules/cjs/loader:1289:32)\n    at Function._load (node:internal/modules/cjs/loader:1108:12)\n    at TracingChannel.traceSync (node:diagnostics_channel:322:14)\n    at wrapModuleLoad (node:internal/modules/cjs/loader:220:24)\n    at Module.require (node:internal/modules/cjs/loader:1311:12)\n    at require (node:internal/modules/helpers:136:16)\n    at Object.<anonymous> (C:\\Users\\Cat Thach\\Desktop\\monhoc\\T5_cdbackend\\lab\\controllers\\admin.js:9:18)","name":"SyntaxError","message":"Invalid or unexpected token"}
[11:30:35 19/09/2025] [ERROR] Uncaught Exception | Meta: {"fatal":true,"stack":"C:\\Users\\Cat Thach\\Desktop\\monhoc\\T5_cdbackend\\lab\\models\\category.js:1\n��c\n\n\nSyntaxError: Invalid or unexpected token\n    at wrapSafe (node:internal/modules/cjs/loader:1486:18)\n    at Module._compile (node:internal/modules/cjs/loader:1528:20)\n    at Object..js (node:internal/modules/cjs/loader:1706:10)\n    at Module.load (node:internal/modules/cjs/loader:1289:32)\n    at Function._load (node:internal/modules/cjs/loader:1108:12)\n    at TracingChannel.traceSync (node:diagnostics_channel:322:14)\n    at wrapModuleLoad (node:internal/modules/cjs/loader:220:24)\n    at Module.require (node:internal/modules/cjs/loader:1311:12)\n    at require (node:internal/modules/helpers:136:16)\n    at Object.<anonymous> (C:\\Users\\Cat Thach\\Desktop\\monhoc\\T5_cdbackend\\lab\\controllers\\admin.js:9:18)","name":"SyntaxError","message":"Invalid or unexpected token"}
[00:06:19 20/09/2025] [ERROR] Uncaught Exception | Meta: {"fatal":true,"stack":"Error: Route.get() requires a callback function but got a [object Undefined]\n    at Route.<computed> [as get] (C:\\Users\\Cat Thach\\Desktop\\monhoc\\T5_cdbackend\\lab\\node_modules\\express\\lib\\router\\route.js:216:15)\n    at proto.<computed> [as get] (C:\\Users\\Cat Thach\\Desktop\\monhoc\\T5_cdbackend\\lab\\node_modules\\express\\lib\\router\\index.js:521:19)\n    at Object.<anonymous> (C:\\Users\\Cat Thach\\Desktop\\monhoc\\T5_cdbackend\\lab\\routes\\admin.js:80:8)\n    at Module._compile (node:internal/modules/cjs/loader:1554:14)\n    at Object..js (node:internal/modules/cjs/loader:1706:10)\n    at Module.load (node:internal/modules/cjs/loader:1289:32)\n    at Function._load (node:internal/modules/cjs/loader:1108:12)\n    at TracingChannel.traceSync (node:diagnostics_channel:322:14)\n    at wrapModuleLoad (node:internal/modules/cjs/loader:220:24)\n    at Module.require (node:internal/modules/cjs/loader:1311:12)","name":"Error","message":"Route.get() requires a callback function but got a [object Undefined]"}
[00:06:26 20/09/2025] [ERROR] Uncaught Exception | Meta: {"fatal":true,"stack":"Error: Route.get() requires a callback function but got a [object Undefined]\n    at Route.<computed> [as get] (C:\\Users\\Cat Thach\\Desktop\\monhoc\\T5_cdbackend\\lab\\node_modules\\express\\lib\\router\\route.js:216:15)\n    at proto.<computed> [as get] (C:\\Users\\Cat Thach\\Desktop\\monhoc\\T5_cdbackend\\lab\\node_modules\\express\\lib\\router\\index.js:521:19)\n    at Object.<anonymous> (C:\\Users\\Cat Thach\\Desktop\\monhoc\\T5_cdbackend\\lab\\routes\\admin.js:80:8)\n    at Module._compile (node:internal/modules/cjs/loader:1554:14)\n    at Object..js (node:internal/modules/cjs/loader:1706:10)\n    at Module.load (node:internal/modules/cjs/loader:1289:32)\n    at Function._load (node:internal/modules/cjs/loader:1108:12)\n    at TracingChannel.traceSync (node:diagnostics_channel:322:14)\n    at wrapModuleLoad (node:internal/modules/cjs/loader:220:24)\n    at Module.require (node:internal/modules/cjs/loader:1311:12)","name":"Error","message":"Route.get() requires a callback function but got a [object Undefined]"}
[00:10:59 20/09/2025] [ERROR] Uncaught Exception | Meta: {"fatal":true,"stack":"Error: Route.get() requires a callback function but got a [object Undefined]\n    at Route.<computed> [as get] (C:\\Users\\Cat Thach\\Desktop\\monhoc\\T5_cdbackend\\lab\\node_modules\\express\\lib\\router\\route.js:216:15)\n    at proto.<computed> [as get] (C:\\Users\\Cat Thach\\Desktop\\monhoc\\T5_cdbackend\\lab\\node_modules\\express\\lib\\router\\index.js:521:19)\n    at Object.<anonymous> (C:\\Users\\Cat Thach\\Desktop\\monhoc\\T5_cdbackend\\lab\\routes\\admin.js:80:8)\n    at Module._compile (node:internal/modules/cjs/loader:1554:14)\n    at Object..js (node:internal/modules/cjs/loader:1706:10)\n    at Module.load (node:internal/modules/cjs/loader:1289:32)\n    at Function._load (node:internal/modules/cjs/loader:1108:12)\n    at TracingChannel.traceSync (node:diagnostics_channel:322:14)\n    at wrapModuleLoad (node:internal/modules/cjs/loader:220:24)\n    at Module.require (node:internal/modules/cjs/loader:1311:12)","name":"Error","message":"Route.get() requires a callback function but got a [object Undefined]"}
[00:11:04 20/09/2025] [ERROR] Uncaught Exception | Meta: {"fatal":true,"stack":"Error: Route.get() requires a callback function but got a [object Undefined]\n    at Route.<computed> [as get] (C:\\Users\\Cat Thach\\Desktop\\monhoc\\T5_cdbackend\\lab\\node_modules\\express\\lib\\router\\route.js:216:15)\n    at proto.<computed> [as get] (C:\\Users\\Cat Thach\\Desktop\\monhoc\\T5_cdbackend\\lab\\node_modules\\express\\lib\\router\\index.js:521:19)\n    at Object.<anonymous> (C:\\Users\\Cat Thach\\Desktop\\monhoc\\T5_cdbackend\\lab\\routes\\admin.js:81:8)\n    at Module._compile (node:internal/modules/cjs/loader:1554:14)\n    at Object..js (node:internal/modules/cjs/loader:1706:10)\n    at Module.load (node:internal/modules/cjs/loader:1289:32)\n    at Function._load (node:internal/modules/cjs/loader:1108:12)\n    at TracingChannel.traceSync (node:diagnostics_channel:322:14)\n    at wrapModuleLoad (node:internal/modules/cjs/loader:220:24)\n    at Module.require (node:internal/modules/cjs/loader:1311:12)","name":"Error","message":"Route.get() requires a callback function but got a [object Undefined]"}
