[14:27:04 10/07/2025] [ERROR] Uncaught Exception | Meta: {"fatal":true,"stack":"C:\\Users\\Cat Thach\\Desktop\\monhoc\\T5_cdbackend\\lab\\controllers\\admin.js:2094\n\n\n\nSyntaxError: Unexpected end of input\n    at wrapSafe (node:internal/modules/cjs/loader:1486:18)\n    at Module._compile (node:internal/modules/cjs/loader:1528:20)\n    at Object..js (node:internal/modules/cjs/loader:1706:10)\n    at Module.load (node:internal/modules/cjs/loader:1289:32)\n    at Function._load (node:internal/modules/cjs/loader:1108:12)\n    at TracingChannel.traceSync (node:diagnostics_channel:322:14)\n    at wrapModuleLoad (node:internal/modules/cjs/loader:220:24)\n    at Module.require (node:internal/modules/cjs/loader:1311:12)\n    at require (node:internal/modules/helpers:136:16)\n    at Object.<anonymous> (C:\\Users\\Cat Thach\\Desktop\\monhoc\\T5_cdbackend\\lab\\routes\\admin.js:5:25)","name":"SyntaxError","message":"Unexpected end of input"}
[15:07:56 10/07/2025] [ERROR] Uncaught Exception | Meta: {"fatal":true,"stack":"Error: Route.delete() requires a callback function but got a [object Undefined]\n    at Route.<computed> [as delete] (C:\\Users\\Cat Thach\\Desktop\\monhoc\\T5_cdbackend\\lab\\node_modules\\express\\lib\\router\\route.js:216:15)\n    at proto.<computed> [as delete] (C:\\Users\\Cat Thach\\Desktop\\monhoc\\T5_cdbackend\\lab\\node_modules\\express\\lib\\router\\index.js:521:19)\n    at Object.<anonymous> (C:\\Users\\Cat Thach\\Desktop\\monhoc\\T5_cdbackend\\lab\\routes\\admin.js:54:14)\n    at Module._compile (node:internal/modules/cjs/loader:1554:14)\n    at Object..js (node:internal/modules/cjs/loader:1706:10)\n    at Module.load (node:internal/modules/cjs/loader:1289:32)\n    at Function._load (node:internal/modules/cjs/loader:1108:12)\n    at TracingChannel.traceSync (node:diagnostics_channel:322:14)\n    at wrapModuleLoad (node:internal/modules/cjs/loader:220:24)\n    at Module.require (node:internal/modules/cjs/loader:1311:12)","name":"Error","message":"Route.delete() requires a callback function but got a [object Undefined]"}
[16:47:49 10/07/2025] [ERROR] Uncaught Exception | Meta: {"fatal":true,"stack":"Error: Route.post() requires a callback function but got a [object Undefined]\n    at Route.<computed> [as post] (C:\\Users\\Cat Thach\\Desktop\\monhoc\\T5_cdbackend\\lab\\node_modules\\express\\lib\\router\\route.js:216:15)\n    at proto.<computed> [as post] (C:\\Users\\Cat Thach\\Desktop\\monhoc\\T5_cdbackend\\lab\\node_modules\\express\\lib\\router\\index.js:521:19)\n    at Object.<anonymous> (C:\\Users\\Cat Thach\\Desktop\\monhoc\\T5_cdbackend\\lab\\routes\\shop.js:126:8)\n    at Module._compile (node:internal/modules/cjs/loader:1554:14)\n    at Object..js (node:internal/modules/cjs/loader:1706:10)\n    at Module.load (node:internal/modules/cjs/loader:1289:32)\n    at Function._load (node:internal/modules/cjs/loader:1108:12)\n    at TracingChannel.traceSync (node:diagnostics_channel:322:14)\n    at wrapModuleLoad (node:internal/modules/cjs/loader:220:24)\n    at Module.require (node:internal/modules/cjs/loader:1311:12)","name":"Error","message":"Route.post() requires a callback function but got a [object Undefined]"}
[20:12:57 10/07/2025] [ERROR] Uncaught Exception | Meta: {"fatal":true,"stack":"Error: Route.get() requires a callback function but got a [object Undefined]\n    at Route.<computed> [as get] (C:\\Users\\Cat Thach\\Desktop\\monhoc\\T5_cdbackend\\lab\\node_modules\\express\\lib\\router\\route.js:216:15)\n    at proto.<computed> [as get] (C:\\Users\\Cat Thach\\Desktop\\monhoc\\T5_cdbackend\\lab\\node_modules\\express\\lib\\router\\index.js:521:19)\n    at Object.<anonymous> (C:\\Users\\Cat Thach\\Desktop\\monhoc\\T5_cdbackend\\lab\\routes\\admin.js:57:8)\n    at Module._compile (node:internal/modules/cjs/loader:1554:14)\n    at Object..js (node:internal/modules/cjs/loader:1706:10)\n    at Module.load (node:internal/modules/cjs/loader:1289:32)\n    at Function._load (node:internal/modules/cjs/loader:1108:12)\n    at TracingChannel.traceSync (node:diagnostics_channel:322:14)\n    at wrapModuleLoad (node:internal/modules/cjs/loader:220:24)\n    at Module.require (node:internal/modules/cjs/loader:1311:12)","name":"Error","message":"Route.get() requires a callback function but got a [object Undefined]"}
[20:36:31 10/07/2025] [ERROR] Uncaught Exception | Meta: {"fatal":true,"stack":"Error: Route.post() requires a callback function but got a [object Undefined]\n    at Route.<computed> [as post] (C:\\Users\\Cat Thach\\Desktop\\monhoc\\T5_cdbackend\\lab\\node_modules\\express\\lib\\router\\route.js:216:15)\n    at proto.<computed> [as post] (C:\\Users\\Cat Thach\\Desktop\\monhoc\\T5_cdbackend\\lab\\node_modules\\express\\lib\\router\\index.js:521:19)\n    at Object.<anonymous> (C:\\Users\\Cat Thach\\Desktop\\monhoc\\T5_cdbackend\\lab\\routes\\shop.js:90:8)\n    at Module._compile (node:internal/modules/cjs/loader:1554:14)\n    at Object..js (node:internal/modules/cjs/loader:1706:10)\n    at Module.load (node:internal/modules/cjs/loader:1289:32)\n    at Function._load (node:internal/modules/cjs/loader:1108:12)\n    at TracingChannel.traceSync (node:diagnostics_channel:322:14)\n    at wrapModuleLoad (node:internal/modules/cjs/loader:220:24)\n    at Module.require (node:internal/modules/cjs/loader:1311:12)","name":"Error","message":"Route.post() requires a callback function but got a [object Undefined]"}
